2025-10-09T16:26:27.803557+0000 INFO Logging started. Log file created at: /workspace/output_20251009_162627/OMOP_FIPS_result/OMOP_to_FIPS_20251009_162627.log
2025-10-09T16:26:30.440233+0000 INFO LOCATION_HISTORY.csv created at /workspace/output_20251009_162627/LOCATION_HISTORY.csv
2025-10-09T16:26:30.443048+0000 INFO Starting processing for invalid
2025-10-09T16:26:30.447710+0000 INFO Completed processing for invalid
2025-10-09T16:26:30.450817+0000 INFO Starting processing for address
2025-10-09T16:26:30.457256+0000 INFO Completed processing for address
2025-10-09T16:26:30.460669+0000 INFO Starting processing for latlong
2025-10-09T16:26:30.466600+0000 INFO Processing file: /workspace/output_20251009_162627/OMOP_data/valid_lat_long/Latlong_1.csv
2025-10-09T16:26:30.523533+0000 INFO Generating FIPS...
2025-10-09T16:27:03.906320+0000 INFO Docker command executed successfully.
2025-10-09T16:27:03.907256+0000 INFO 
2025-10-09T16:27:03.911469+0000 INFO Output file generated: /workspace/output_20251009_162627/OMOP_FIPS_result/latlong/Latlong_1/preprocessed_2_census_block_group_0.6.0_2010.csv
2025-10-09T16:27:04.122513+0000 INFO FIPS file generated for 2010 with 3489 rows: /workspace/output_20251009_162627/OMOP_FIPS_result/latlong/Latlong_1/Latlong_1_with_fips.csv
2025-10-09T16:27:04.123682+0000 INFO FIPS files generated for Latlong_1: ['/workspace/output_20251009_162627/OMOP_FIPS_result/latlong/Latlong_1/Latlong_1_with_fips.csv']
2025-10-09T16:27:04.195621+0000 INFO FIPS zip file created: /workspace/output_20251009_162627/OMOP_FIPS_result/latlong/latlong_with_fips.zip
2025-10-09T16:27:04.196355+0000 INFO Completed processing for latlong
2025-10-09T16:27:04.223494+0000 INFO Found FIPS files: ['/workspace/output_20251009_162627/OMOP_FIPS_result/latlong/Latlong_1/Latlong_1_with_fips.csv']
2025-10-09T16:27:04.244276+0000 INFO Columns in /workspace/output_20251009_162627/OMOP_FIPS_result/latlong/Latlong_1/Latlong_1_with_fips.csv: ['person_id', 'visit_occurrence_id', 'year', 'location_id', 'address_1', 'address_2', 'city', 'state', 'zip', 'county', 'location_source_value', 'country_concept_id', 'country_source_value', 'latitude', 'longitude', '_rid', 'year_for_fips', 'FIPS']
2025-10-09T16:27:04.265501+0000 INFO LOCATION.csv created at /workspace/output_20251009_162627/LOCATION.csv
2025-10-09T16:27:04.287713+0000 INFO Moved ZIP file: /workspace/output_20251009_162627/latlong_with_fips.zip
2025-10-09T16:27:04.304552+0000 INFO Deleted directory: /workspace/output_20251009_162627/OMOP_FIPS_result/address
2025-10-09T16:27:04.311581+0000 INFO Deleted directory: /workspace/output_20251009_162627/OMOP_FIPS_result/invalid
2025-10-09T16:27:04.330011+0000 INFO Deleted directory: /workspace/output_20251009_162627/OMOP_FIPS_result/latlong
